<?xml version="1.0" encoding="UTF-8"?>
<!-- Generated by org.testng.reporters.JUnitXMLReporter -->
<testsuite ignored="0" hostname="DESKTOP-USELQND" failures="0" tests="3" name="Default test" time="11.329" errors="0" timestamp="2022-02-17T20:41:38 IST">
  <testcase classname="tests.PutPatchDeleteExamples" name="testDelete" time="5.532"/>
  <testcase classname="tests.PutPatchDeleteExamples" name="testPatch" time="3.988"/>
  <testcase classname="tests.PutPatchDeleteExamples" name="testPut" time="1.741"/>
</testsuite> <!-- Default test -->
