<?xml version="1.0" encoding="UTF-8"?>
<testng-results ignored="0" total="3" passed="3" failed="0" skipped="0">
  <reporter-output>
  </reporter-output>
  <suite started-at="2022-02-17T20:41:26 IST" name="Default suite" finished-at="2022-02-17T20:41:37 IST" duration-ms="11329">
    <groups>
    </groups>
    <test started-at="2022-02-17T20:41:26 IST" name="Default test" finished-at="2022-02-17T20:41:37 IST" duration-ms="11329">
      <class name="tests.PutPatchDeleteExamples">
        <test-method signature="testDelete()[pri:0, instance:tests.PutPatchDeleteExamples@2f54a33d]" started-at="2022-02-17T20:41:26 IST" name="testDelete" finished-at="2022-02-17T20:41:32 IST" duration-ms="5532" status="PASS">
          <reporter-output>
          </reporter-output>
        </test-method> <!-- testDelete -->
        <test-method signature="testPatch()[pri:0, instance:tests.PutPatchDeleteExamples@2f54a33d]" started-at="2022-02-17T20:41:32 IST" name="testPatch" finished-at="2022-02-17T20:41:36 IST" duration-ms="3988" status="PASS">
          <reporter-output>
          </reporter-output>
        </test-method> <!-- testPatch -->
        <test-method signature="testPut()[pri:0, instance:tests.PutPatchDeleteExamples@2f54a33d]" started-at="2022-02-17T20:41:36 IST" name="testPut" finished-at="2022-02-17T20:41:37 IST" duration-ms="1741" status="PASS">
          <reporter-output>
          </reporter-output>
        </test-method> <!-- testPut -->
      </class> <!-- tests.PutPatchDeleteExamples -->
    </test> <!-- Default test -->
  </suite> <!-- Default suite -->
</testng-results>
